Collecting requests==2.31.0 (from -r requirements.txt (line 5))
  Using cached requests-2.31.0-py3-none-any.whl.metadata (4.6 kB)
Collecting urllib3==2.0.7 (from -r requirements.txt (line 6))
  Using cached urllib3-2.0.7-py3-none-any.whl.metadata (6.6 kB)
Collecting beautifulsoup4==4.12.3 (from -r requirements.txt (line 9))
  Using cached beautifulsoup4-4.12.3-py3-none-any.whl.metadata (3.8 kB)
Collecting lxml==5.1.0 (from -r requirements.txt (line 10))
  Using cached lxml-5.1.0-cp39-cp39-manylinux_2_17_x86_64.manylinux2014_x86_64.whl.metadata (3.5 kB)
Collecting trafilatura==1.9.0 (from -r requirements.txt (line 11))
  Using cached trafilatura-1.9.0-py3-none-any.whl.metadata (14 kB)
Collecting html-sanitizer==1.9.3 (from -r requirements.txt (line 12))
  Using cached html_sanitizer-1.9.3-py3-none-any.whl.metadata (7.6 kB)
Collecting PyYAML==6.0.1 (from -r requirements.txt (line 15))
  Using cached PyYAML-6.0.1-cp39-cp39-manylinux_2_17_x86_64.manylinux2014_x86_64.whl.metadata (2.1 kB)
Collecting protego==0.4.0 (from -r requirements.txt (line 18))
  Using cached Protego-0.4.0-py2.py3-none-any.whl.metadata (6.2 kB)
Collecting tenacity==8.2.3 (from -r requirements.txt (line 19))
  Using cached tenacity-8.2.3-py3-none-any.whl.metadata (1.0 kB)
Collecting fake-useragent==1.5.1 (from -r requirements.txt (line 20))
  Using cached fake_useragent-1.5.1-py3-none-any.whl.metadata (15 kB)
Collecting spacy==3.7.4 (from -r requirements.txt (line 23))
  Using cached spacy-3.7.4-cp39-cp39-manylinux_2_17_x86_64.manylinux2014_x86_64.whl.metadata (27 kB)
Collecting fasttext-wheel==0.9.2 (from -r requirements.txt (line 24))
  Using cached fasttext_wheel-0.9.2-cp39-cp39-manylinux_2_17_x86_64.manylinux2014_x86_64.whl.metadata (16 kB)
Collecting feedparser==6.0.11 (from -r requirements.txt (line 27))
  Using cached feedparser-6.0.11-py3-none-any.whl.metadata (2.4 kB)
Collecting PyPDF2==3.0.1 (from -r requirements.txt (line 30))
  Using cached pypdf2-3.0.1-py3-none-any.whl.metadata (6.8 kB)
Collecting pdfplumber==0.10.3 (from -r requirements.txt (line 31))
  Using cached pdfplumber-0.10.3-py3-none-any.whl.metadata (38 kB)
Collecting playwright==1.44.0 (from -r requirements.txt (line 34))
  Using cached playwright-1.44.0-py3-none-manylinux1_x86_64.whl.metadata (3.5 kB)
Collecting python-dotenv (from -r requirements.txt (line 36))
  Using cached python_dotenv-1.1.1-py3-none-any.whl.metadata (24 kB)
Collecting charset-normalizer<4,>=2 (from requests==2.31.0->-r requirements.txt (line 5))
  Using cached charset_normalizer-3.4.2-cp39-cp39-manylinux_2_17_x86_64.manylinux2014_x86_64.whl.metadata (35 kB)
Collecting idna<4,>=2.5 (from requests==2.31.0->-r requirements.txt (line 5))
  Using cached idna-3.10-py3-none-any.whl.metadata (10 kB)
Collecting certifi>=2017.4.17 (from requests==2.31.0->-r requirements.txt (line 5))
  Using cached certifi-2025.6.15-py3-none-any.whl.metadata (2.4 kB)
Collecting soupsieve>1.2 (from beautifulsoup4==4.12.3->-r requirements.txt (line 9))
  Using cached soupsieve-2.7-py3-none-any.whl.metadata (4.6 kB)
Collecting courlan>=1.1.0 (from trafilatura==1.9.0->-r requirements.txt (line 11))
  Using cached courlan-1.3.2-py3-none-any.whl.metadata (17 kB)
Collecting htmldate>=1.8.1 (from trafilatura==1.9.0->-r requirements.txt (line 11))
  Using cached htmldate-1.9.3-py3-none-any.whl.metadata (10 kB)
Collecting justext>=3.0.0 (from trafilatura==1.9.0->-r requirements.txt (line 11))
  Using cached justext-3.0.2-py2.py3-none-any.whl.metadata (7.3 kB)
Collecting importlib-resources>=5.0 (from fake-useragent==1.5.1->-r requirements.txt (line 20))
  Using cached importlib_resources-6.5.2-py3-none-any.whl.metadata (3.9 kB)
Collecting spacy-legacy<3.1.0,>=3.0.11 (from spacy==3.7.4->-r requirements.txt (line 23))
  Using cached spacy_legacy-3.0.12-py2.py3-none-any.whl.metadata (2.8 kB)
Collecting spacy-loggers<2.0.0,>=1.0.0 (from spacy==3.7.4->-r requirements.txt (line 23))
  Using cached spacy_loggers-1.0.5-py3-none-any.whl.metadata (23 kB)
Collecting murmurhash<1.1.0,>=0.28.0 (from spacy==3.7.4->-r requirements.txt (line 23))
  Using cached murmurhash-1.0.13-cp39-cp39-manylinux_2_5_x86_64.manylinux1_x86_64.manylinux_2_17_x86_64.manylinux2014_x86_64.whl.metadata (2.2 kB)
Collecting cymem<2.1.0,>=2.0.2 (from spacy==3.7.4->-r requirements.txt (line 23))
  Using cached cymem-2.0.11-cp39-cp39-manylinux_2_17_x86_64.manylinux2014_x86_64.whl.metadata (8.5 kB)
Collecting preshed<3.1.0,>=3.0.2 (from spacy==3.7.4->-r requirements.txt (line 23))
  Using cached preshed-3.0.10-cp39-cp39-manylinux_2_5_x86_64.manylinux1_x86_64.manylinux_2_17_x86_64.manylinux2014_x86_64.whl.metadata (2.4 kB)
Collecting thinc<8.3.0,>=8.2.2 (from spacy==3.7.4->-r requirements.txt (line 23))
  Using cached thinc-8.2.5-cp39-cp39-manylinux_2_17_x86_64.manylinux2014_x86_64.whl.metadata (15 kB)
Collecting wasabi<1.2.0,>=0.9.1 (from spacy==3.7.4->-r requirements.txt (line 23))
  Using cached wasabi-1.1.3-py3-none-any.whl.metadata (28 kB)
Collecting srsly<3.0.0,>=2.4.3 (from spacy==3.7.4->-r requirements.txt (line 23))
  Using cached srsly-2.5.1-cp39-cp39-manylinux_2_17_x86_64.manylinux2014_x86_64.whl.metadata (19 kB)
Collecting catalogue<2.1.0,>=2.0.6 (from spacy==3.7.4->-r requirements.txt (line 23))
  Using cached catalogue-2.0.10-py3-none-any.whl.metadata (14 kB)
Collecting weasel<0.4.0,>=0.1.0 (from spacy==3.7.4->-r requirements.txt (line 23))
  Using cached weasel-0.3.4-py3-none-any.whl.metadata (4.7 kB)
Collecting typer<0.10.0,>=0.3.0 (from spacy==3.7.4->-r requirements.txt (line 23))
  Using cached typer-0.9.4-py3-none-any.whl.metadata (14 kB)
Collecting smart-open<7.0.0,>=5.2.1 (from spacy==3.7.4->-r requirements.txt (line 23))
  Using cached smart_open-6.4.0-py3-none-any.whl.metadata (21 kB)
Collecting tqdm<5.0.0,>=4.38.0 (from spacy==3.7.4->-r requirements.txt (line 23))
  Using cached tqdm-4.67.1-py3-none-any.whl.metadata (57 kB)
Collecting pydantic!=1.8,!=1.8.1,<3.0.0,>=1.7.4 (from spacy==3.7.4->-r requirements.txt (line 23))
  Using cached pydantic-2.11.7-py3-none-any.whl.metadata (67 kB)
Collecting jinja2 (from spacy==3.7.4->-r requirements.txt (line 23))
  Using cached jinja2-3.1.6-py3-none-any.whl.metadata (2.9 kB)
Requirement already satisfied: setuptools in ./venv/lib/python3.9/site-packages (from spacy==3.7.4->-r requirements.txt (line 23)) (44.0.0)
Collecting packaging>=20.0 (from spacy==3.7.4->-r requirements.txt (line 23))
  Using cached packaging-25.0-py3-none-any.whl.metadata (3.3 kB)
Collecting langcodes<4.0.0,>=3.2.0 (from spacy==3.7.4->-r requirements.txt (line 23))
  Using cached langcodes-3.5.0-py3-none-any.whl.metadata (29 kB)
Collecting numpy>=1.19.0 (from spacy==3.7.4->-r requirements.txt (line 23))
  Using cached numpy-2.0.2-cp39-cp39-manylinux_2_17_x86_64.manylinux2014_x86_64.whl.metadata (60 kB)
Collecting pybind11>=2.2 (from fasttext-wheel==0.9.2->-r requirements.txt (line 24))
  Using cached pybind11-2.13.6-py3-none-any.whl.metadata (9.5 kB)
Collecting sgmllib3k (from feedparser==6.0.11->-r requirements.txt (line 27))
  Using cached sgmllib3k-1.0.0-py3-none-any.whl
Collecting typing_extensions>=3.10.0.0 (from PyPDF2==3.0.1->-r requirements.txt (line 30))
  Using cached typing_extensions-4.14.0-py3-none-any.whl.metadata (3.0 kB)
Collecting pdfminer.six==20221105 (from pdfplumber==0.10.3->-r requirements.txt (line 31))
  Using cached pdfminer.six-20221105-py3-none-any.whl.metadata (4.0 kB)
Collecting Pillow>=9.1 (from pdfplumber==0.10.3->-r requirements.txt (line 31))
  Using cached pillow-11.2.1-cp39-cp39-manylinux_2_28_x86_64.whl.metadata (8.9 kB)
Collecting pypdfium2>=4.18.0 (from pdfplumber==0.10.3->-r requirements.txt (line 31))
  Using cached pypdfium2-4.30.1-py3-none-manylinux_2_17_x86_64.manylinux2014_x86_64.whl.metadata (48 kB)
Collecting greenlet==3.0.3 (from playwright==1.44.0->-r requirements.txt (line 34))
  Using cached greenlet-3.0.3-cp39-cp39-manylinux_2_24_x86_64.manylinux_2_28_x86_64.whl.metadata (3.8 kB)
Collecting pyee==11.1.0 (from playwright==1.44.0->-r requirements.txt (line 34))
  Using cached pyee-11.1.0-py3-none-any.whl.metadata (2.8 kB)
Collecting cryptography>=36.0.0 (from pdfminer.six==20221105->pdfplumber==0.10.3->-r requirements.txt (line 31))
  Using cached cryptography-45.0.4-cp37-abi3-manylinux_2_28_x86_64.whl.metadata (5.7 kB)
Collecting language-data>=1.2 (from langcodes<4.0.0,>=3.2.0->spacy==3.7.4->-r requirements.txt (line 23))
  Using cached language_data-1.3.0-py3-none-any.whl.metadata (4.3 kB)
Collecting annotated-types>=0.6.0 (from pydantic!=1.8,!=1.8.1,<3.0.0,>=1.7.4->spacy==3.7.4->-r requirements.txt (line 23))
  Using cached annotated_types-0.7.0-py3-none-any.whl.metadata (15 kB)
Collecting pydantic-core==2.33.2 (from pydantic!=1.8,!=1.8.1,<3.0.0,>=1.7.4->spacy==3.7.4->-r requirements.txt (line 23))
  Using cached pydantic_core-2.33.2-cp39-cp39-manylinux_2_17_x86_64.manylinux2014_x86_64.whl.metadata (6.8 kB)
Collecting typing-inspection>=0.4.0 (from pydantic!=1.8,!=1.8.1,<3.0.0,>=1.7.4->spacy==3.7.4->-r requirements.txt (line 23))
  Using cached typing_inspection-0.4.1-py3-none-any.whl.metadata (2.6 kB)
Collecting blis<0.8.0,>=0.7.8 (from thinc<8.3.0,>=8.2.2->spacy==3.7.4->-r requirements.txt (line 23))
  Using cached blis-0.7.11-cp39-cp39-manylinux_2_17_x86_64.manylinux2014_x86_64.whl.metadata (7.4 kB)
Collecting confection<1.0.0,>=0.0.1 (from thinc<8.3.0,>=8.2.2->spacy==3.7.4->-r requirements.txt (line 23))
  Using cached confection-0.1.5-py3-none-any.whl.metadata (19 kB)
Collecting numpy>=1.19.0 (from spacy==3.7.4->-r requirements.txt (line 23))
  Using cached numpy-1.26.4-cp39-cp39-manylinux_2_17_x86_64.manylinux2014_x86_64.whl.metadata (61 kB)
Collecting click<9.0.0,>=7.1.1 (from typer<0.10.0,>=0.3.0->spacy==3.7.4->-r requirements.txt (line 23))
  Using cached click-8.1.8-py3-none-any.whl.metadata (2.3 kB)
Collecting cloudpathlib<0.17.0,>=0.7.0 (from weasel<0.4.0,>=0.1.0->spacy==3.7.4->-r requirements.txt (line 23))
  Using cached cloudpathlib-0.16.0-py3-none-any.whl.metadata (14 kB)
Collecting babel>=2.16.0 (from courlan>=1.1.0->trafilatura==1.9.0->-r requirements.txt (line 11))
  Using cached babel-2.17.0-py3-none-any.whl.metadata (2.0 kB)
Collecting tld>=0.13 (from courlan>=1.1.0->trafilatura==1.9.0->-r requirements.txt (line 11))
  Using cached tld-0.13.1-py2.py3-none-any.whl.metadata (10 kB)
Collecting cffi>=1.14 (from cryptography>=36.0.0->pdfminer.six==20221105->pdfplumber==0.10.3->-r requirements.txt (line 31))
  Using cached cffi-1.17.1-cp39-cp39-manylinux_2_17_x86_64.manylinux2014_x86_64.whl.metadata (1.5 kB)
Collecting pycparser (from cffi>=1.14->cryptography>=36.0.0->pdfminer.six==20221105->pdfplumber==0.10.3->-r requirements.txt (line 31))
  Using cached pycparser-2.22-py3-none-any.whl.metadata (943 bytes)
Collecting dateparser>=1.1.2 (from htmldate>=1.8.1->trafilatura==1.9.0->-r requirements.txt (line 11))
  Using cached dateparser-1.2.2-py3-none-any.whl.metadata (29 kB)
INFO: pip is looking at multiple versions of htmldate to determine which version is compatible with other requirements. This could take a while.
Collecting htmldate>=1.8.1 (from trafilatura==1.9.0->-r requirements.txt (line 11))
  Using cached htmldate-1.9.2-py3-none-any.whl.metadata (10 kB)
Collecting python-dateutil>=2.9.0.post0 (from htmldate>=1.8.1->trafilatura==1.9.0->-r requirements.txt (line 11))
  Using cached python_dateutil-2.9.0.post0-py2.py3-none-any.whl.metadata (8.4 kB)
Collecting htmldate>=1.8.1 (from trafilatura==1.9.0->-r requirements.txt (line 11))
  Using cached htmldate-1.9.1-py3-none-any.whl.metadata (10 kB)
  Using cached htmldate-1.9.0-py3-none-any.whl.metadata (10 kB)
  Using cached htmldate-1.8.1-py3-none-any.whl.metadata (10 kB)
Collecting pytz>=2024.2 (from dateparser>=1.1.2->htmldate>=1.8.1->trafilatura==1.9.0->-r requirements.txt (line 11))
  Using cached pytz-2025.2-py2.py3-none-any.whl.metadata (22 kB)
Collecting regex>=2024.9.11 (from dateparser>=1.1.2->htmldate>=1.8.1->trafilatura==1.9.0->-r requirements.txt (line 11))
  Using cached regex-2024.11.6-cp39-cp39-manylinux_2_17_x86_64.manylinux2014_x86_64.whl.metadata (40 kB)
Collecting tzlocal>=0.2 (from dateparser>=1.1.2->htmldate>=1.8.1->trafilatura==1.9.0->-r requirements.txt (line 11))
  Using cached tzlocal-5.3.1-py3-none-any.whl.metadata (7.6 kB)
Collecting zipp>=3.1.0 (from importlib-resources>=5.0->fake-useragent==1.5.1->-r requirements.txt (line 20))
  Using cached zipp-3.23.0-py3-none-any.whl.metadata (3.6 kB)
Collecting marisa-trie>=1.1.0 (from language-data>=1.2->langcodes<4.0.0,>=3.2.0->spacy==3.7.4->-r requirements.txt (line 23))
  Using cached marisa_trie-1.2.1-cp39-cp39-manylinux_2_17_x86_64.manylinux2014_x86_64.whl.metadata (9.0 kB)
WARNING: lxml 5.1.0 does not provide the extra 'html-clean'
Collecting six>=1.5 (from python-dateutil>=2.9.0.post0->htmldate>=1.8.1->trafilatura==1.9.0->-r requirements.txt (line 11))
  Using cached six-1.17.0-py2.py3-none-any.whl.metadata (1.7 kB)
Collecting MarkupSafe>=2.0 (from jinja2->spacy==3.7.4->-r requirements.txt (line 23))
  Using cached MarkupSafe-3.0.2-cp39-cp39-manylinux_2_17_x86_64.manylinux2014_x86_64.whl.metadata (4.0 kB)
Using cached requests-2.31.0-py3-none-any.whl (62 kB)
Using cached urllib3-2.0.7-py3-none-any.whl (124 kB)
Using cached beautifulsoup4-4.12.3-py3-none-any.whl (147 kB)
Using cached lxml-5.1.0-cp39-cp39-manylinux_2_17_x86_64.manylinux2014_x86_64.whl (8.0 MB)
Using cached trafilatura-1.9.0-py3-none-any.whl (1.0 MB)
Using cached html_sanitizer-1.9.3-py3-none-any.whl (14 kB)
Using cached PyYAML-6.0.1-cp39-cp39-manylinux_2_17_x86_64.manylinux2014_x86_64.whl (738 kB)
Using cached Protego-0.4.0-py2.py3-none-any.whl (8.6 kB)
Using cached tenacity-8.2.3-py3-none-any.whl (24 kB)
Using cached fake_useragent-1.5.1-py3-none-any.whl (17 kB)
Using cached spacy-3.7.4-cp39-cp39-manylinux_2_17_x86_64.manylinux2014_x86_64.whl (6.6 MB)
Using cached fasttext_wheel-0.9.2-cp39-cp39-manylinux_2_17_x86_64.manylinux2014_x86_64.whl (4.4 MB)
Using cached feedparser-6.0.11-py3-none-any.whl (81 kB)
Using cached pypdf2-3.0.1-py3-none-any.whl (232 kB)
Using cached pdfplumber-0.10.3-py3-none-any.whl (48 kB)
Using cached playwright-1.44.0-py3-none-manylinux1_x86_64.whl (37.8 MB)
Using cached greenlet-3.0.3-cp39-cp39-manylinux_2_24_x86_64.manylinux_2_28_x86_64.whl (614 kB)
Using cached pdfminer.six-20221105-py3-none-any.whl (5.6 MB)
Using cached pyee-11.1.0-py3-none-any.whl (15 kB)
Using cached catalogue-2.0.10-py3-none-any.whl (17 kB)
Using cached charset_normalizer-3.4.2-cp39-cp39-manylinux_2_17_x86_64.manylinux2014_x86_64.whl (149 kB)
Using cached cymem-2.0.11-cp39-cp39-manylinux_2_17_x86_64.manylinux2014_x86_64.whl (208 kB)
Using cached idna-3.10-py3-none-any.whl (70 kB)
Using cached langcodes-3.5.0-py3-none-any.whl (182 kB)
Using cached murmurhash-1.0.13-cp39-cp39-manylinux_2_5_x86_64.manylinux1_x86_64.manylinux_2_17_x86_64.manylinux2014_x86_64.whl (116 kB)
Using cached preshed-3.0.10-cp39-cp39-manylinux_2_5_x86_64.manylinux1_x86_64.manylinux_2_17_x86_64.manylinux2014_x86_64.whl (794 kB)
Using cached pydantic-2.11.7-py3-none-any.whl (444 kB)
Using cached pydantic_core-2.33.2-cp39-cp39-manylinux_2_17_x86_64.manylinux2014_x86_64.whl (2.0 MB)
Using cached smart_open-6.4.0-py3-none-any.whl (57 kB)
Using cached spacy_legacy-3.0.12-py2.py3-none-any.whl (29 kB)
Using cached spacy_loggers-1.0.5-py3-none-any.whl (22 kB)
Using cached srsly-2.5.1-cp39-cp39-manylinux_2_17_x86_64.manylinux2014_x86_64.whl (1.1 MB)
Using cached thinc-8.2.5-cp39-cp39-manylinux_2_17_x86_64.manylinux2014_x86_64.whl (937 kB)
Using cached blis-0.7.11-cp39-cp39-manylinux_2_17_x86_64.manylinux2014_x86_64.whl (10.2 MB)
Using cached confection-0.1.5-py3-none-any.whl (35 kB)
Using cached numpy-1.26.4-cp39-cp39-manylinux_2_17_x86_64.manylinux2014_x86_64.whl (18.2 MB)
Using cached tqdm-4.67.1-py3-none-any.whl (78 kB)
Using cached typer-0.9.4-py3-none-any.whl (45 kB)
Using cached click-8.1.8-py3-none-any.whl (98 kB)
Using cached wasabi-1.1.3-py3-none-any.whl (27 kB)
Using cached weasel-0.3.4-py3-none-any.whl (50 kB)
Using cached cloudpathlib-0.16.0-py3-none-any.whl (45 kB)
Using cached python_dotenv-1.1.1-py3-none-any.whl (20 kB)
Using cached annotated_types-0.7.0-py3-none-any.whl (13 kB)
Using cached certifi-2025.6.15-py3-none-any.whl (157 kB)
Using cached courlan-1.3.2-py3-none-any.whl (33 kB)
Using cached babel-2.17.0-py3-none-any.whl (10.2 MB)
Using cached cryptography-45.0.4-cp37-abi3-manylinux_2_28_x86_64.whl (4.5 MB)
Using cached cffi-1.17.1-cp39-cp39-manylinux_2_17_x86_64.manylinux2014_x86_64.whl (445 kB)
Using cached htmldate-1.8.1-py3-none-any.whl (31 kB)
Using cached dateparser-1.2.2-py3-none-any.whl (315 kB)
Using cached importlib_resources-6.5.2-py3-none-any.whl (37 kB)
Using cached justext-3.0.2-py2.py3-none-any.whl (837 kB)
Using cached language_data-1.3.0-py3-none-any.whl (5.4 MB)
Using cached marisa_trie-1.2.1-cp39-cp39-manylinux_2_17_x86_64.manylinux2014_x86_64.whl (1.3 MB)
Using cached packaging-25.0-py3-none-any.whl (66 kB)
Using cached pillow-11.2.1-cp39-cp39-manylinux_2_28_x86_64.whl (4.6 MB)
Using cached pybind11-2.13.6-py3-none-any.whl (243 kB)
Using cached pypdfium2-4.30.1-py3-none-manylinux_2_17_x86_64.manylinux2014_x86_64.whl (2.9 MB)
Using cached python_dateutil-2.9.0.post0-py2.py3-none-any.whl (229 kB)
Using cached pytz-2025.2-py2.py3-none-any.whl (509 kB)
Using cached regex-2024.11.6-cp39-cp39-manylinux_2_17_x86_64.manylinux2014_x86_64.whl (780 kB)
Using cached six-1.17.0-py2.py3-none-any.whl (11 kB)
Using cached soupsieve-2.7-py3-none-any.whl (36 kB)
Using cached tld-0.13.1-py2.py3-none-any.whl (274 kB)
Using cached typing_extensions-4.14.0-py3-none-any.whl (43 kB)
Using cached typing_inspection-0.4.1-py3-none-any.whl (14 kB)
Using cached tzlocal-5.3.1-py3-none-any.whl (18 kB)
Using cached zipp-3.23.0-py3-none-any.whl (10 kB)
Using cached jinja2-3.1.6-py3-none-any.whl (134 kB)
Using cached MarkupSafe-3.0.2-cp39-cp39-manylinux_2_17_x86_64.manylinux2014_x86_64.whl (20 kB)
Using cached pycparser-2.22-py3-none-any.whl (117 kB)
Installing collected packages: sgmllib3k, pytz, cymem, zipp, wasabi, urllib3, tzlocal, typing_extensions, tqdm, tld, tenacity, spacy-loggers, spacy-legacy, soupsieve, smart-open, six, regex, PyYAML, python-dotenv, pypdfium2, pycparser, pybind11, protego, Pillow, packaging, numpy, murmurhash, MarkupSafe, marisa-trie, lxml, idna, greenlet, feedparser, click, charset-normalizer, certifi, catalogue, babel, annotated-types, typing-inspection, typer, srsly, requests, python-dateutil, PyPDF2, pyee, pydantic-core, preshed, language-data, jinja2, importlib-resources, fasttext-wheel, courlan, cloudpathlib, cffi, blis, beautifulsoup4, pydantic, playwright, langcodes, justext, html-sanitizer, fake-useragent, dateparser, cryptography, pdfminer.six, htmldate, confection, weasel, trafilatura, thinc, pdfplumber, spacy

Successfully installed MarkupSafe-3.0.2 Pillow-11.2.1 PyPDF2-3.0.1 PyYAML-6.0.1 annotated-types-0.7.0 babel-2.17.0 beautifulsoup4-4.12.3 blis-0.7.11 catalogue-2.0.10 certifi-2025.6.15 cffi-1.17.1 charset-normalizer-3.4.2 click-8.1.8 cloudpathlib-0.16.0 confection-0.1.5 courlan-1.3.2 cryptography-45.0.4 cymem-2.0.11 dateparser-1.2.2 fake-useragent-1.5.1 fasttext-wheel-0.9.2 feedparser-6.0.11 greenlet-3.0.3 html-sanitizer-1.9.3 htmldate-1.8.1 idna-3.10 importlib-resources-6.5.2 jinja2-3.1.6 justext-3.0.2 langcodes-3.5.0 language-data-1.3.0 lxml-5.1.0 marisa-trie-1.2.1 murmurhash-1.0.13 numpy-1.26.4 packaging-25.0 pdfminer.six-20221105 pdfplumber-0.10.3 playwright-1.44.0 preshed-3.0.10 protego-0.4.0 pybind11-2.13.6 pycparser-2.22 pydantic-2.11.7 pydantic-core-2.33.2 pyee-11.1.0 pypdfium2-4.30.1 python-dateutil-2.9.0.post0 python-dotenv-1.1.1 pytz-2025.2 regex-2024.11.6 requests-2.31.0 sgmllib3k-1.0.0 six-1.17.0 smart-open-6.4.0 soupsieve-2.7 spacy-3.7.4 spacy-legacy-3.0.12 spacy-loggers-1.0.5 srsly-2.5.1 tenacity-8.2.3 thinc-8.2.5 tld-0.13.1 tqdm-4.67.1 trafilatura-1.9.0 typer-0.9.4 typing-inspection-0.4.1 typing_extensions-4.14.0 tzlocal-5.3.1 urllib3-2.0.7 wasabi-1.1.3 weasel-0.3.4 zipp-3.23.0
