Installing dependencies...
Hit:1 http://mirrors.digitalocean.com/ubuntu focal InRelease
Hit:2 http://mirrors.digitalocean.com/ubuntu focal-updates InRelease
Hit:3 https://repos-droplet.digitalocean.com/apt/droplet-agent main InRelease
Hit:4 http://mirrors.digitalocean.com/ubuntu focal-backports InRelease
Hit:5 http://ppa.launchpad.net/ondrej/php/ubuntu focal InRelease
Hit:6 http://security.ubuntu.com/ubuntu focal-security InRelease
Get:7 https://dl.google.com/linux/chrome/deb stable InRelease [1825 B]
Err:7 https://dl.google.com/linux/chrome/deb stable InRelease
  The following signatures couldn't be verified because the public key is not available: NO_PUBKEY 32EE5355A6BC6E42
Reading package lists...
W: An error occurred during the signature verification. The repository is not updated and the previous index files will be used. GPG error: https://dl.google.com/linux/chrome/deb stable InRelease: The following signatures couldn't be verified because the public key is not available: NO_PUBKEY 32EE5355A6BC6E42
W: Failed to fetch https://dl.google.com/linux/chrome/deb/dists/stable/InRelease  The following signatures couldn't be verified because the public key is not available: NO_PUBKEY 32EE5355A6BC6E42
W: Some index files failed to download. They have been ignored, or old ones used instead.
Reading package lists...
Building dependency tree...
Reading state information...
fonts-liberation is already the newest version (1:1.07.4-11).
libatk1.0-0 is already the newest version (2.35.1-1ubuntu2).
libatspi2.0-0 is already the newest version (2.36.0-2).
libcairo-gobject2 is already the newest version (1.16.0-4ubuntu1).
libcairo2 is already the newest version (1.16.0-4ubuntu1).
libdbus-glib-1-2 is already the newest version (0.110-5fakssync1).
libepoxy0 is already the newest version (1.5.4-1).
libevent-2.1-7 is already the newest version (2.1.11-stable-1).
libfontconfig1 is already the newest version (2.13.1-2ubuntu3).
libgudev-1.0-0 is already the newest version (1:233-1).
libhyphen0 is already the newest version (2.8.8-7).
libopus0 is already the newest version (1.3.1-0ubuntu1).
libpango-1.0-0 is already the newest version (1.44.7-2ubuntu4).
libpangocairo-1.0-0 is already the newest version (1.44.7-2ubuntu4).
libpangoft2-1.0-0 is already the newest version (1.44.7-2ubuntu4).
libpng16-16 is already the newest version (1.6.37-2).
libwoff1 is already the newest version (1.0.2-1build2).
libxcb-shm0 is already the newest version (1.14-2).
libxcb1 is already the newest version (1.14-2).
libxcomposite1 is already the newest version (1:0.4.5-1).
libxcursor1 is already the newest version (1:1.2.0-2).
libxdamage1 is already the newest version (1:1.1.5-2).
libxext6 is already the newest version (2:1.3.4-0ubuntu1).
libxfixes3 is already the newest version (1:5.0.3-2).
libxi6 is already the newest version (2:1.7.10-0ubuntu1).
libxkbcommon0 is already the newest version (0.10.0-1).
libxrandr2 is already the newest version (2:1.5.2-0ubuntu1).
libxrender1 is already the newest version (1:0.9.10-1).
libxshmfence1 is already the newest version (1.3-1).
libxt6 is already the newest version (1:1.1.5-1).
libxtst6 is already the newest version (2:1.2.3-1).
ttf-unifont is already the newest version (1:12.0.01-2).
xfonts-scalable is already the newest version (1:1.0.3-1.1).
fonts-ipafont-gothic is already the newest version (00303-18ubuntu1).
fonts-tlwg-loma-otf is already the newest version (1:0.7.1-3).
fonts-wqy-zenhei is already the newest version (0.9.45-7ubuntu1).
libenchant1c2a is already the newest version (1.6.0-11.3build1).
libflite1 is already the newest version (2.1-release-3).
libx264-155 is already the newest version (2:0.155.2917+git0a84d98-2).
ttf-ubuntu-font-family is already the newest version (1:0.83-4ubuntu1).
xfonts-cyrillic is already the newest version (1:1.0.4).
fonts-noto-color-emoji is already the newest version (0~20200916-1~ubuntu20.04.1).
libasound2 is already the newest version (1.2.2-2.1ubuntu2.5).
libatk-bridge2.0-0 is already the newest version (2.34.2-0ubuntu2~20.04.1).
libatomic1 is already the newest version (10.5.0-1ubuntu1~20.04).
libcups2 is already the newest version (2.3.1-9ubuntu1.9).
libdbus-1-3 is already the newest version (1.12.16-2ubuntu2.3).
libdrm2 is already the newest version (2.4.107-8ubuntu1~20.04.2).
libegl1 is already the newest version (1.3.2-1~ubuntu0.20.04.2).
libenchant-2-2 is already the newest version (2.2.8-1ubuntu0.20.04.1).
libevdev2 is already the newest version (1.9.0+dfsg-1ubuntu0.2).
libfreetype6 is already the newest version (2.10.1-2ubuntu0.4).
libgbm1 is already the newest version (21.2.6-0ubuntu0.1~20.04.2).
libgdk-pixbuf2.0-0 is already the newest version (2.40.0+dfsg-3ubuntu0.5).
libgl1 is already the newest version (1.3.2-1~ubuntu0.20.04.2).
libgles2 is already the newest version (1.3.2-1~ubuntu0.20.04.2).
libglib2.0-0 is already the newest version (2.64.6-1~ubuntu20.04.9).
libgtk-3-0 is already the newest version (3.24.20-0ubuntu1.2).
libharfbuzz-icu0 is already the newest version (2.6.4-1ubuntu4.3).
libharfbuzz0b is already the newest version (2.6.4-1ubuntu4.3).
libicu66 is already the newest version (66.1-2ubuntu2.1).
libjpeg-turbo8 is already the newest version (2.0.3-0ubuntu1.20.04.3).
libnghttp2-14 is already the newest version (1.40.0-1ubuntu0.3).
libnotify4 is already the newest version (0.7.9-1ubuntu3.20.04.2).
libnspr4 is already the newest version (2:4.35-0ubuntu0.20.04.1).
libnss3 is already the newest version (2:3.98-0ubuntu0.20.04.2).
libopengl0 is already the newest version (1.3.2-1~ubuntu0.20.04.2).
libopenjp2-7 is already the newest version (2.3.1-1ubuntu4.20.04.4).
libsecret-1-0 is already the newest version (0.20.4-0ubuntu1).
libvpx6 is already the newest version (1.8.2-1ubuntu0.4).
libwayland-client0 is already the newest version (1.18.0-1ubuntu0.1).
libwayland-egl1 is already the newest version (1.18.0-1ubuntu0.1).
libwayland-server0 is already the newest version (1.18.0-1ubuntu0.1).
libwebp6 is already the newest version (0.6.1-2ubuntu0.20.04.3).
libwebpdemux2 is already the newest version (0.6.1-2ubuntu0.20.04.3).
libx11-6 is already the newest version (2:1.6.9-2ubuntu1.6).
libx11-xcb1 is already the newest version (2:1.6.9-2ubuntu1.6).
libxslt1.1 is already the newest version (1.1.34-4ubuntu0.20.04.3).
ffmpeg is already the newest version (7:4.2.7-0ubuntu0.1).
xvfb is already the newest version (2:1.20.13-1ubuntu1~20.04.20).
libxml2 is already the newest version (2.9.14+dfsg-0.1+ubuntu20.04.1+deb.sury.org+1).
0 upgraded, 0 newly installed, 0 to remove and 58 not upgraded.
