Collecting es-core-news-sm==3.7.0
  Downloading https://github.com/explosion/spacy-models/releases/download/es_core_news_sm-3.7.0/es_core_news_sm-3.7.0-py3-none-any.whl (12.9 MB)
     â”â”â”â”â”â”â”â”â”â”â”â”â”â”â”â”â”â”â”â”â”â”â”â”â”â”â”â”â”â”â”â”â”â”â”â”â”â”â”â” 12.9/12.9 MB 205.4 MB/s eta 0:00:00
Requirement already satisfied: spacy<3.8.0,>=3.7.0 in ./venv/lib/python3.9/site-packages (from es-core-news-sm==3.7.0) (3.7.4)
Requirement already satisfied: spacy-legacy<3.1.0,>=3.0.11 in ./venv/lib/python3.9/site-packages (from spacy<3.8.0,>=3.7.0->es-core-news-sm==3.7.0) (3.0.12)
Requirement already satisfied: spacy-loggers<2.0.0,>=1.0.0 in ./venv/lib/python3.9/site-packages (from spacy<3.8.0,>=3.7.0->es-core-news-sm==3.7.0) (1.0.5)
Requirement already satisfied: murmurhash<1.1.0,>=0.28.0 in ./venv/lib/python3.9/site-packages (from spacy<3.8.0,>=3.7.0->es-core-news-sm==3.7.0) (1.0.13)
Requirement already satisfied: cymem<2.1.0,>=2.0.2 in ./venv/lib/python3.9/site-packages (from spacy<3.8.0,>=3.7.0->es-core-news-sm==3.7.0) (2.0.11)
Requirement already satisfied: preshed<3.1.0,>=3.0.2 in ./venv/lib/python3.9/site-packages (from spacy<3.8.0,>=3.7.0->es-core-news-sm==3.7.0) (3.0.10)
Requirement already satisfied: thinc<8.3.0,>=8.2.2 in ./venv/lib/python3.9/site-packages (from spacy<3.8.0,>=3.7.0->es-core-news-sm==3.7.0) (8.2.5)
Requirement already satisfied: wasabi<1.2.0,>=0.9.1 in ./venv/lib/python3.9/site-packages (from spacy<3.8.0,>=3.7.0->es-core-news-sm==3.7.0) (1.1.3)
Requirement already satisfied: srsly<3.0.0,>=2.4.3 in ./venv/lib/python3.9/site-packages (from spacy<3.8.0,>=3.7.0->es-core-news-sm==3.7.0) (2.5.1)
Requirement already satisfied: catalogue<2.1.0,>=2.0.6 in ./venv/lib/python3.9/site-packages (from spacy<3.8.0,>=3.7.0->es-core-news-sm==3.7.0) (2.0.10)
Requirement already satisfied: weasel<0.4.0,>=0.1.0 in ./venv/lib/python3.9/site-packages (from spacy<3.8.0,>=3.7.0->es-core-news-sm==3.7.0) (0.3.4)
Requirement already satisfied: typer<0.10.0,>=0.3.0 in ./venv/lib/python3.9/site-packages (from spacy<3.8.0,>=3.7.0->es-core-news-sm==3.7.0) (0.9.4)
Requirement already satisfied: smart-open<7.0.0,>=5.2.1 in ./venv/lib/python3.9/site-packages (from spacy<3.8.0,>=3.7.0->es-core-news-sm==3.7.0) (6.4.0)
Requirement already satisfied: tqdm<5.0.0,>=4.38.0 in ./venv/lib/python3.9/site-packages (from spacy<3.8.0,>=3.7.0->es-core-news-sm==3.7.0) (4.67.1)
Requirement already satisfied: requests<3.0.0,>=2.13.0 in ./venv/lib/python3.9/site-packages (from spacy<3.8.0,>=3.7.0->es-core-news-sm==3.7.0) (2.31.0)
Requirement already satisfied: pydantic!=1.8,!=1.8.1,<3.0.0,>=1.7.4 in ./venv/lib/python3.9/site-packages (from spacy<3.8.0,>=3.7.0->es-core-news-sm==3.7.0) (2.11.7)
Requirement already satisfied: jinja2 in ./venv/lib/python3.9/site-packages (from spacy<3.8.0,>=3.7.0->es-core-news-sm==3.7.0) (3.1.6)
Requirement already satisfied: setuptools in ./venv/lib/python3.9/site-packages (from spacy<3.8.0,>=3.7.0->es-core-news-sm==3.7.0) (44.0.0)
Requirement already satisfied: packaging>=20.0 in ./venv/lib/python3.9/site-packages (from spacy<3.8.0,>=3.7.0->es-core-news-sm==3.7.0) (25.0)
Requirement already satisfied: langcodes<4.0.0,>=3.2.0 in ./venv/lib/python3.9/site-packages (from spacy<3.8.0,>=3.7.0->es-core-news-sm==3.7.0) (3.5.0)
Requirement already satisfied: numpy>=1.19.0 in ./venv/lib/python3.9/site-packages (from spacy<3.8.0,>=3.7.0->es-core-news-sm==3.7.0) (1.26.4)
Requirement already satisfied: language-data>=1.2 in ./venv/lib/python3.9/site-packages (from langcodes<4.0.0,>=3.2.0->spacy<3.8.0,>=3.7.0->es-core-news-sm==3.7.0) (1.3.0)
Requirement already satisfied: annotated-types>=0.6.0 in ./venv/lib/python3.9/site-packages (from pydantic!=1.8,!=1.8.1,<3.0.0,>=1.7.4->spacy<3.8.0,>=3.7.0->es-core-news-sm==3.7.0) (0.7.0)
Requirement already satisfied: pydantic-core==2.33.2 in ./venv/lib/python3.9/site-packages (from pydantic!=1.8,!=1.8.1,<3.0.0,>=1.7.4->spacy<3.8.0,>=3.7.0->es-core-news-sm==3.7.0) (2.33.2)
Requirement already satisfied: typing-extensions>=4.12.2 in ./venv/lib/python3.9/site-packages (from pydantic!=1.8,!=1.8.1,<3.0.0,>=1.7.4->spacy<3.8.0,>=3.7.0->es-core-news-sm==3.7.0) (4.14.0)
Requirement already satisfied: typing-inspection>=0.4.0 in ./venv/lib/python3.9/site-packages (from pydantic!=1.8,!=1.8.1,<3.0.0,>=1.7.4->spacy<3.8.0,>=3.7.0->es-core-news-sm==3.7.0) (0.4.1)
Requirement already satisfied: charset-normalizer<4,>=2 in ./venv/lib/python3.9/site-packages (from requests<3.0.0,>=2.13.0->spacy<3.8.0,>=3.7.0->es-core-news-sm==3.7.0) (3.4.2)
Requirement already satisfied: idna<4,>=2.5 in ./venv/lib/python3.9/site-packages (from requests<3.0.0,>=2.13.0->spacy<3.8.0,>=3.7.0->es-core-news-sm==3.7.0) (3.10)
Requirement already satisfied: urllib3<3,>=1.21.1 in ./venv/lib/python3.9/site-packages (from requests<3.0.0,>=2.13.0->spacy<3.8.0,>=3.7.0->es-core-news-sm==3.7.0) (2.0.7)
Requirement already satisfied: certifi>=2017.4.17 in ./venv/lib/python3.9/site-packages (from requests<3.0.0,>=2.13.0->spacy<3.8.0,>=3.7.0->es-core-news-sm==3.7.0) (2025.6.15)
Requirement already satisfied: blis<0.8.0,>=0.7.8 in ./venv/lib/python3.9/site-packages (from thinc<8.3.0,>=8.2.2->spacy<3.8.0,>=3.7.0->es-core-news-sm==3.7.0) (0.7.11)
Requirement already satisfied: confection<1.0.0,>=0.0.1 in ./venv/lib/python3.9/site-packages (from thinc<8.3.0,>=8.2.2->spacy<3.8.0,>=3.7.0->es-core-news-sm==3.7.0) (0.1.5)
Requirement already satisfied: click<9.0.0,>=7.1.1 in ./venv/lib/python3.9/site-packages (from typer<0.10.0,>=0.3.0->spacy<3.8.0,>=3.7.0->es-core-news-sm==3.7.0) (8.1.8)
Requirement already satisfied: cloudpathlib<0.17.0,>=0.7.0 in ./venv/lib/python3.9/site-packages (from weasel<0.4.0,>=0.1.0->spacy<3.8.0,>=3.7.0->es-core-news-sm==3.7.0) (0.16.0)
Requirement already satisfied: marisa-trie>=1.1.0 in ./venv/lib/python3.9/site-packages (from language-data>=1.2->langcodes<4.0.0,>=3.2.0->spacy<3.8.0,>=3.7.0->es-core-news-sm==3.7.0) (1.2.1)
Requirement already satisfied: MarkupSafe>=2.0 in ./venv/lib/python3.9/site-packages (from jinja2->spacy<3.8.0,>=3.7.0->es-core-news-sm==3.7.0) (3.0.2)
Installing collected packages: es-core-news-sm
Successfully installed es-core-news-sm-3.7.0
[38;5;2mâœ” Download and installation successful[0m
You can now load the package via spacy.load('es_core_news_sm')
