Installing dependencies...
Switching to root user to install dependencies...
Obj:1 http://security.ubuntu.com/ubuntu noble-security InRelease
Obj:2 http://archive.ubuntu.com/ubuntu noble InRelease
Obj:3 http://archive.ubuntu.com/ubuntu noble-updates InRelease
Obj:4 http://archive.ubuntu.com/ubuntu noble-backports InRelease
Obj:5 https://ppa.launchpadcontent.net/graphics-drivers/ppa/ubuntu noble InRelease
Leyendo lista de paquetes...
Leyendo lista de paquetes...
Creando árbol de dependencias...
Leyendo la información de estado...
El paquete libasound2 es un paquete virtual provisto por:
  libasound2t64 1.2.11-1ubuntu0.1 (= 1.2.11-1ubuntu0.1)
  liboss4-salsa-asound2 4.2-build2020-1ubuntu3

E: El paquete «libasound2» no tiene un candidato para la instalación
E: No se ha podido localizar el paquete libicu70
E: No se ha podido localizar el paquete libffi7
E: No se ha podido localizar el paquete libx264-163
Failed to install browsers
Error: Installation process exited with code: 100
